<?xml version="1.0" encoding="UTF-8"?>
<testng-results skipped="0" failed="0" total="1" passed="1">
  <reporter-output>
  </reporter-output>
  <suite name="softwaretestingmaterial" duration-ms="30833" started-at="2019-02-09T18:12:35Z" finished-at="2019-02-09T18:13:06Z">
    <groups>
      <group name="cucumber">
        <method signature="AbstractTestNGCucumberTests.feature(cucumber.api.testng.CucumberFeatureWrapper)[pri:0, instance:org.BasicCucumber.Runner.Runner@28feb3fa]" name="feature" class="cucumber.api.testng.AbstractTestNGCucumberTests"/>
      </group> <!-- cucumber -->
    </groups>
    <test name="testngTest" duration-ms="30833" started-at="2019-02-09T18:12:35Z" finished-at="2019-02-09T18:13:06Z">
      <class name="org.BasicCucumber.Runner.Runner">
        <test-method status="PASS" signature="setUpClass()[pri:0, instance:org.BasicCucumber.Runner.Runner@28feb3fa]" name="setUpClass" is-config="true" duration-ms="295" started-at="2019-02-09T23:42:35Z" finished-at="2019-02-09T23:42:36Z">
          <reporter-output>
          </reporter-output>
        </test-method> <!-- setUpClass -->
        <test-method status="PASS" signature="feature(cucumber.api.testng.CucumberFeatureWrapper)[pri:0, instance:org.BasicCucumber.Runner.Runner@28feb3fa]" name="feature" duration-ms="30233" started-at="2019-02-09T23:42:36Z" description="Runs Cucumber Feature" data-provider="features" finished-at="2019-02-09T23:43:06Z">
          <params>
            <param index="0">
              <value>
                <![CDATA[Checking google]]>
              </value>
            </param>
          </params>
          <reporter-output>
          </reporter-output>
        </test-method> <!-- feature -->
        <test-method status="PASS" signature="tearDownClass()[pri:0, instance:org.BasicCucumber.Runner.Runner@28feb3fa]" name="tearDownClass" is-config="true" duration-ms="129" started-at="2019-02-09T23:43:06Z" finished-at="2019-02-09T23:43:06Z">
          <reporter-output>
          </reporter-output>
        </test-method> <!-- tearDownClass -->
      </class> <!-- org.BasicCucumber.Runner.Runner -->
    </test> <!-- testngTest -->
  </suite> <!-- softwaretestingmaterial -->
</testng-results>
