<?xml version="1.0" encoding="UTF-8"?>
<testng-results skipped="0" failed="0" total="1" passed="1">
  <reporter-output>
  </reporter-output>
  <suite name="Default suite" duration-ms="53771" started-at="2019-02-09T17:37:59Z" finished-at="2019-02-09T17:38:52Z">
    <groups>
      <group name="cucumber">
        <method signature="AbstractTestNGCucumberTests.feature(cucumber.api.testng.CucumberFeatureWrapper)[pri:0, instance:org.BasicCucumber.Runner.Runner@56ef9176]" name="feature" class="cucumber.api.testng.AbstractTestNGCucumberTests"/>
      </group> <!-- cucumber -->
    </groups>
    <test name="Default test" duration-ms="53771" started-at="2019-02-09T17:37:59Z" finished-at="2019-02-09T17:38:52Z">
      <class name="org.BasicCucumber.Runner.Runner">
        <test-method status="PASS" signature="setUpClass()[pri:0, instance:org.BasicCucumber.Runner.Runner@56ef9176]" name="setUpClass" is-config="true" duration-ms="919" started-at="2019-02-09T23:07:59Z" finished-at="2019-02-09T23:07:59Z">
          <reporter-output>
          </reporter-output>
        </test-method> <!-- setUpClass -->
        <test-method status="PASS" signature="feature(cucumber.api.testng.CucumberFeatureWrapper)[pri:0, instance:org.BasicCucumber.Runner.Runner@56ef9176]" name="feature" duration-ms="52401" started-at="2019-02-09T23:08:00Z" description="Runs Cucumber Feature" data-provider="features" finished-at="2019-02-09T23:08:52Z">
          <params>
            <param index="0">
              <value>
                <![CDATA[Checking google]]>
              </value>
            </param>
          </params>
          <reporter-output>
          </reporter-output>
        </test-method> <!-- feature -->
        <test-method status="PASS" signature="tearDownClass()[pri:0, instance:org.BasicCucumber.Runner.Runner@56ef9176]" name="tearDownClass" is-config="true" duration-ms="105" started-at="2019-02-09T23:08:52Z" finished-at="2019-02-09T23:08:52Z">
          <reporter-output>
          </reporter-output>
        </test-method> <!-- tearDownClass -->
      </class> <!-- org.BasicCucumber.Runner.Runner -->
    </test> <!-- Default test -->
  </suite> <!-- Default suite -->
</testng-results>
